[2026-03-02T14:04:25.678Z] [local] [GET] [200] / 2ms
[2026-03-02T14:04:25.722Z] [local] [GET] [200] /api/visits 0ms
[2026-03-02T14:04:28.032Z] [local] [GET] [200] / 2ms
[2026-03-02T14:04:28.084Z] [local] [GET] [200] /api/visits 1ms
[2026-03-02T14:04:29.195Z] [local] [GET] [200] / 1ms
[2026-03-02T14:04:29.243Z] [local] [GET] [200] /api/visits 0ms
[2026-03-02T14:05:30.810Z] [local] [GET] [200] / 2ms
[2026-03-02T14:05:30.878Z] [local] [GET] [200] /api/visits 0ms
[2026-03-02T14:11:13.122Z] [local] [POST] [200] /api/second_check 633ms
[2026-03-02T14:11:54.676Z] [local] [GET] [200] /cancel 2ms
[2026-03-02T14:11:58.599Z] [local] [GET] [200] / 2ms
[2026-03-02T14:11:58.661Z] [local] [GET] [200] /api/visits 0ms
[2026-03-02T14:12:04.204Z] [local] [POST] [200] /api/second_check 636ms
[2026-03-02T14:36:16.366Z] [local] [POST] [200] /api/second_check 647ms
[2026-03-02T14:36:20.298Z] [local] [POST] [200] /api/second_check 614ms
[2026-03-02T14:36:30.205Z] [local] [GET] [200] / 21ms
[2026-03-02T14:36:30.318Z] [local] [GET] [200] /api/visits 0ms
[2026-03-02T14:37:09.009Z] [local] [POST] [200] /api/second_check 458ms
[2026-03-02T14:38:09.336Z] [local] [GET] [200] /success 2ms
[2026-03-02T14:38:20.690Z] [local] [GET] [200] / 2ms
[2026-03-02T14:38:20.750Z] [local] [GET] [200] /api/visits 0ms
[2026-03-02T15:22:36.528Z] [local] [POST] [200] /api/second_check 608ms
[2026-03-02T15:23:40.890Z] [local] [GET] [200] / 6ms
[2026-03-02T15:23:40.969Z] [local] [GET] [200] /api/visits 1ms
[2026-03-02T21:51:47.831Z] [local] [GET] [200] / 13ms
[2026-03-02T21:51:47.942Z] [local] [GET] [200] /api/visits 1ms
[2026-03-02T21:51:51.238Z] [local] [GET] [200] / 3ms
[2026-03-02T21:51:51.290Z] [local] [GET] [200] /api/visits 0ms
[2026-03-04T19:10:07.781Z] [local] [GET] [200] / 23ms
[2026-03-04T19:10:07.969Z] [local] [GET] [200] /api/visits 2ms
[2026-03-04T19:10:30.698Z] [local] [POST] [200] /api/second_check 675ms
[2026-03-04T19:10:36.201Z] [local] [POST] [200] /api/second_check 401ms
[2026-03-04T19:10:43.622Z] [local] [GET] [200] /cancel 5ms
[2026-03-04T19:10:45.001Z] [local] [GET] [200] / 7ms
[2026-03-04T19:10:45.148Z] [local] [GET] [200] /api/visits 2ms
